<?xml version="1.0" encoding="UTF-8"?>
<testsuite name="testSuite.recuperarInformacion" tests="1" skipped="0" failures="0" errors="0" timestamp="2021-04-21T19:16:54" hostname="DESKTOP-DIGRJAB" time="44.769">
  <properties/>
  <testcase name="chileAutosMultimedia" classname="testSuite.recuperarInformacion" time="44.769"/>
  <system-out><![CDATA[Se despliega correctamente el elemento "boton buscar", identificador: 
Se despliega correctamente el elemento "boton buscar", identificador: 
Imagenes: 7
Se despliega correctamente el elemento "Titulo 'Comentarios'", identificador: 
Se despliega correctamente el elemento "imagen principal", identificador: 



DESCRIPCIÓN




















]]></system-out>
  <system-err><![CDATA[]]></system-err>
</testsuite>
